<?xml version="1.0" encoding="UTF-8"?>
<testng-results skipped="0" failed="0" total="4" passed="4">
  <reporter-output>
  </reporter-output>
  <suite name="Default suite" duration-ms="47" started-at="2017-06-13T22:12:52Z" finished-at="2017-06-13T22:12:52Z">
    <groups>
    </groups>
    <test name="Default test" duration-ms="47" started-at="2017-06-13T22:12:52Z" finished-at="2017-06-13T22:12:52Z">
      <class name="com.mobiquityinc.util.CombinationTest">
        <test-method status="PASS" signature="testGetCombination()[pri:0, instance:com.mobiquityinc.util.CombinationTest@50cbc42f]" name="testGetCombination" duration-ms="16" started-at="2017-06-14T00:12:52Z" finished-at="2017-06-14T00:12:52Z">
          <reporter-output>
          </reporter-output>
        </test-method> <!-- testGetCombination -->
      </class> <!-- com.mobiquityinc.util.CombinationTest -->
      <class name="com.mobiquityinc.util.ItemsFileReaderTest">
        <test-method status="PASS" signature="testCorrectParameters()[pri:0, instance:com.mobiquityinc.util.ItemsFileReaderTest@282ba1e]" name="testCorrectParameters" duration-ms="0" started-at="2017-06-14T00:12:52Z" finished-at="2017-06-14T00:12:52Z">
          <reporter-output>
          </reporter-output>
        </test-method> <!-- testCorrectParameters -->
        <test-method status="PASS" signature="testInCorrectParameters()[pri:0, instance:com.mobiquityinc.util.ItemsFileReaderTest@282ba1e]" name="testInCorrectParameters" duration-ms="0" started-at="2017-06-14T00:12:52Z" finished-at="2017-06-14T00:12:52Z">
          <exception class="com.mobiquityinc.exception.APIException">
            <message>
              <![CDATA[java.io.FileNotFoundException: wrong Parameter (The system cannot find the file specified)]]>
            </message>
            <full-stacktrace>
              <![CDATA[com.mobiquityinc.exception.APIException: java.io.FileNotFoundException: wrong Parameter (The system cannot find the file specified)
	at com.mobiquityinc.util.ItemsFileReader.fileReader(ItemsFileReader.java:37)
	at com.mobiquityinc.util.ItemsFileReaderTest.testInCorrectParameters(ItemsFileReaderTest.java:29)
	at sun.reflect.NativeMethodAccessorImpl.invoke0(Native Method)
	at sun.reflect.NativeMethodAccessorImpl.invoke(Unknown Source)
	at sun.reflect.DelegatingMethodAccessorImpl.invoke(Unknown Source)
	at java.lang.reflect.Method.invoke(Unknown Source)
	at org.testng.internal.MethodInvocationHelper.invokeMethod(MethodInvocationHelper.java:85)
	at org.testng.internal.Invoker.invokeMethod(Invoker.java:648)
	at org.testng.internal.Invoker.invokeTestMethod(Invoker.java:834)
	at org.testng.internal.Invoker.invokeTestMethods(Invoker.java:1142)
	at org.testng.internal.TestMethodWorker.invokeTestMethods(TestMethodWorker.java:124)
	at org.testng.internal.TestMethodWorker.run(TestMethodWorker.java:108)
	at org.testng.TestRunner.privateRun(TestRunner.java:771)
	at org.testng.TestRunner.run(TestRunner.java:621)
	at org.testng.SuiteRunner.runTest(SuiteRunner.java:357)
	at org.testng.SuiteRunner.runSequentially(SuiteRunner.java:352)
	at org.testng.SuiteRunner.privateRun(SuiteRunner.java:310)
	at org.testng.SuiteRunner.run(SuiteRunner.java:259)
	at org.testng.SuiteRunnerWorker.runSuite(SuiteRunnerWorker.java:52)
	at org.testng.SuiteRunnerWorker.run(SuiteRunnerWorker.java:86)
	at org.testng.TestNG.runSuitesSequentially(TestNG.java:1176)
	at org.testng.TestNG.runSuitesLocally(TestNG.java:1101)
	at org.testng.TestNG.run(TestNG.java:1009)
	at org.testng.remote.RemoteTestNG.run(RemoteTestNG.java:111)
	at org.testng.remote.RemoteTestNG.initAndRun(RemoteTestNG.java:204)
	at org.testng.remote.RemoteTestNG.main(RemoteTestNG.java:175)
]]>
            </full-stacktrace>
          </exception> <!-- com.mobiquityinc.exception.APIException -->
          <reporter-output>
          </reporter-output>
        </test-method> <!-- testInCorrectParameters -->
      </class> <!-- com.mobiquityinc.util.ItemsFileReaderTest -->
      <class name="com.mobiquityinc.packer.PackerTest">
        <test-method status="PASS" signature="testFullscenario()[pri:0, instance:com.mobiquityinc.packer.PackerTest@d70c109]" name="testFullscenario" duration-ms="16" started-at="2017-06-14T00:12:52Z" finished-at="2017-06-14T00:12:52Z">
          <reporter-output>
          </reporter-output>
        </test-method> <!-- testFullscenario -->
      </class> <!-- com.mobiquityinc.packer.PackerTest -->
    </test> <!-- Default test -->
  </suite> <!-- Default suite -->
</testng-results>
